#
# There is insufficient memory for the Java Runtime Environment to continue.
# Native memory allocation (malloc) failed to allocate 1819904 bytes for Chunk::new
# Possible reasons:
#   The system is out of physical RAM or swap space
#   In 32 bit mode, the process size limit was hit
# Possible solutions:
#   Reduce memory load on the system
#   Increase physical memory or swap space
#   Check if swap backing store is full
#   Use 64 bit Java on a 64 bit OS
#   Decrease Java heap size (-Xmx/-Xms)
#   Decrease number of Java threads
#   Decrease Java thread stack sizes (-Xss)
#   Set larger code cache with -XX:ReservedCodeCacheSize=
# This output file may be truncated or incomplete.
#
#  Out of Memory Error (allocation.cpp:390), pid=13100, tid=0x0000000000003b3c
#
# JRE version: Java(TM) SE Runtime Environment (8.0_131-b11) (build 1.8.0_131-b11)
# Java VM: Java HotSpot(TM) 64-Bit Server VM (25.131-b11 mixed mode windows-amd64 compressed oops)
# Failed to write core dump. Minidumps are not enabled by default on client versions of Windows
#

---------------  T H R E A D  ---------------

Current thread (0x000000001609f800):  JavaThread "C2 CompilerThread1" daemon [_thread_in_native, id=15164, stack(0x0000000017710000,0x0000000017810000)]

Stack: [0x0000000017710000,0x0000000017810000]
[error occurred during error reporting (printing stack bounds), id 0xc0000005]

Native frames: (J=compiled Java code, j=interpreted, Vv=VM code, C=native code)


Current CompileTask:
C2:  14685 4797       4       java.net.URLClassLoader$1::run (5 bytes)


---------------  P R O C E S S  ---------------

Java Threads: ( => current thread )
  0x0000000018af1800 JavaThread "File lock request listener" [_thread_in_native, id=12968, stack(0x000000001cd00000,0x000000001ce00000)]
  0x0000000018c32800 JavaThread "Stdin handler" [_thread_blocked, id=15324, stack(0x000000001a460000,0x000000001a560000)]
  0x0000000018c2f800 JavaThread "Asynchronous log dispatcher for org.gradle.launcher.daemon.server.DefaultDaemonConnection@20578489" [_thread_blocked, id=15220, stack(0x000000001a360000,0x000000001a460000)]
  0x0000000018c27000 JavaThread "Daemon worker" [_thread_in_vm, id=15156, stack(0x000000001a260000,0x000000001a360000)]
  0x000000001882a000 JavaThread "Cancel handler" [_thread_blocked, id=10764, stack(0x000000001a160000,0x000000001a260000)]
  0x0000000018947800 JavaThread "Handler for socket connection from /127.0.0.1:59675 to /127.0.0.1:59676" [_thread_in_native, id=10640, stack(0x000000001a060000,0x000000001a160000)]
  0x000000001894f000 JavaThread "Daemon" [_thread_blocked, id=2204, stack(0x0000000019f60000,0x000000001a060000)]
  0x00000000188b9000 JavaThread "Incoming local TCP Connector on port 59675" [_thread_in_native, id=14692, stack(0x0000000019b20000,0x0000000019c20000)]
  0x0000000018de9800 JavaThread "pool-1-thread-1" [_thread_blocked, id=5048, stack(0x0000000019a20000,0x0000000019b20000)]
  0x0000000017930800 JavaThread "Service Thread" daemon [_thread_blocked, id=15132, stack(0x0000000017d10000,0x0000000017e10000)]
  0x00000000160a6000 JavaThread "C1 CompilerThread2" daemon [_thread_in_native, id=7332, stack(0x0000000017810000,0x0000000017910000)]
=>0x000000001609f800 JavaThread "C2 CompilerThread1" daemon [_thread_in_native, id=15164, stack(0x0000000017710000,0x0000000017810000)]
  0x000000001609e000 JavaThread "C2 CompilerThread0" daemon [_thread_in_native, id=4152, stack(0x0000000017610000,0x0000000017710000)]
  0x000000001609b000 JavaThread "Attach Listener" daemon [_thread_blocked, id=3556, stack(0x0000000017510000,0x0000000017610000)]
  0x00000000160aa800 JavaThread "Signal Dispatcher" daemon [_thread_blocked, id=13428, stack(0x0000000017410000,0x0000000017510000)]
  0x00000000011fc000 JavaThread "Finalizer" daemon [_thread_blocked, id=5324, stack(0x0000000017220000,0x0000000017320000)]
  0x00000000011f1800 JavaThread "Reference Handler" daemon [_thread_blocked, id=9964, stack(0x0000000017120000,0x0000000017220000)]
  0x0000000001102800 JavaThread "main" [_thread_blocked, id=14020, stack(0x0000000001000000,0x0000000001100000)]

Other Threads:
  0x0000000016067000 VMThread [stack: 0x0000000001ed0000,0x0000000001fd0000] [id=4252]
  0x0000000017983000 WatcherThread [stack: 0x0000000017e10000,0x0000000017f10000] [id=14840]

VM state:not at safepoint (normal execution)

VM Mutex/Monitor currently owned by a thread: None

Heap:
 PSYoungGen      total 96768K, used 28025K [0x00000000e0000000, 0x00000000e8280000, 0x0000000100000000)
  eden space 85504K, 19% used [0x00000000e0000000,0x00000000e1064198,0x00000000e5380000)
  from space 11264K, 99% used [0x00000000e5380000,0x00000000e5e7a3b8,0x00000000e5e80000)
  to   space 12288K, 0% used [0x00000000e7680000,0x00000000e7680000,0x00000000e8280000)
 ParOldGen       total 98816K, used 16322K [0x00000000a0000000, 0x00000000a6080000, 0x00000000e0000000)
  object space 98816K, 16% used [0x00000000a0000000,0x00000000a0ff0bd0,0x00000000a6080000)
 Metaspace       used 44331K, capacity 45378K, committed 45568K, reserved 1089536K
  class space    used 6103K, capacity 6383K, committed 6400K, reserved 1048576K

Card table byte_map: [0x00000000015c0000,0x00000000018d0000] byte_map_base: 0x00000000010c0000

Marking Bits: (ParMarkBitMap*) 0x000000006d59c720
 Begin Bits: [0x0000000012400000, 0x0000000013c00000)
 End Bits:   [0x0000000013c00000, 0x0000000015400000)

Polling page: 0x0000000000b60000

CodeCache: size=245760Kb used=16650Kb max_used=16979Kb free=229109Kb
 bounds [0x0000000003400000, 0x00000000044b0000, 0x0000000012400000]
 total_blobs=5317 nmethods=4616 adapters=612
 compilation: enabled

Compilation events (10 events):
Event: 14.660 Thread 0x00000000160a6000 4942       3       org.gradle.internal.service.DefaultServiceRegistry$DefaultLookupContext::<init> (5 bytes)
Event: 14.661 Thread 0x00000000160a6000 nmethod 4942 0x0000000003a8c450 code [0x0000000003a8c600, 0x0000000003a8cb90]
Event: 14.661 Thread 0x00000000160a6000 4943       3       org.gradle.internal.service.DefaultServiceRegistry$DefaultLookupContext::<init> (16 bytes)
Event: 14.661 Thread 0x00000000160a6000 nmethod 4943 0x0000000003a8ba90 code [0x0000000003a8bc20, 0x0000000003a8c150]
Event: 14.661 Thread 0x00000000160a6000 4938       3       org.gradle.model.internal.registry.RuleBinder$1::<init> (10 bytes)
Event: 14.662 Thread 0x00000000160a6000 nmethod 4938 0x0000000003653590 code [0x00000000036536e0, 0x00000000036538b0]
Event: 14.667 Thread 0x00000000160a6000 4954       3       sun.nio.cs.ThreadLocalCoders$1::hasName (43 bytes)
Event: 14.668 Thread 0x00000000160a6000 nmethod 4954 0x00000000037c2510 code [0x00000000037c26e0, 0x00000000037c33b8]
Event: 14.672 Thread 0x00000000160a6000 4955       3       org.apache.ivy.core.IvyContext::getCurrentStack (31 bytes)
Event: 14.672 Thread 0x00000000160a6000 nmethod 4955 0x0000000003555550 code [0x0000000003555740, 0x0000000003555fc8]

GC Heap History (10 events):
Event: 10.165 GC heap before
{Heap before GC invocations=9 (full 1):
 PSYoungGen      total 57344K, used 53121K [0x00000000e0000000, 0x00000000e5600000, 0x0000000100000000)
  eden space 47104K, 100% used [0x00000000e0000000,0x00000000e2e00000,0x00000000e2e00000)
  from space 10240K, 58% used [0x00000000e2e00000,0x00000000e33e0428,0x00000000e3800000)
  to   space 9728K, 0% used [0x00000000e4c80000,0x00000000e4c80000,0x00000000e5600000)
 ParOldGen       total 64512K, used 8293K [0x00000000a0000000, 0x00000000a3f00000, 0x00000000e0000000)
  object space 64512K, 12% used [0x00000000a0000000,0x00000000a08197f8,0x00000000a3f00000)
 Metaspace       used 32428K, capacity 32922K, committed 33408K, reserved 1077248K
  class space    used 4464K, capacity 4614K, committed 4736K, reserved 1048576K
Event: 10.180 GC heap after
Heap after GC invocations=9 (full 1):
 PSYoungGen      total 77312K, used 9302K [0x00000000e0000000, 0x00000000e5800000, 0x0000000100000000)
  eden space 67584K, 0% used [0x00000000e0000000,0x00000000e0000000,0x00000000e4200000)
  from space 9728K, 95% used [0x00000000e4c80000,0x00000000e55959f8,0x00000000e5600000)
  to   space 10752K, 0% used [0x00000000e4200000,0x00000000e4200000,0x00000000e4c80000)
 ParOldGen       total 64512K, used 8301K [0x00000000a0000000, 0x00000000a3f00000, 0x00000000e0000000)
  object space 64512K, 12% used [0x00000000a0000000,0x00000000a081b7f8,0x00000000a3f00000)
 Metaspace       used 32428K, capacity 32922K, committed 33408K, reserved 1077248K
  class space    used 4464K, capacity 4614K, committed 4736K, reserved 1048576K
}
Event: 10.814 GC heap before
{Heap before GC invocations=10 (full 1):
 PSYoungGen      total 77312K, used 40193K [0x00000000e0000000, 0x00000000e5800000, 0x0000000100000000)
  eden space 67584K, 45% used [0x00000000e0000000,0x00000000e1e2aca8,0x00000000e4200000)
  from space 9728K, 95% used [0x00000000e4c80000,0x00000000e55959f8,0x00000000e5600000)
  to   space 10752K, 0% used [0x00000000e4200000,0x00000000e4200000,0x00000000e4c80000)
 ParOldGen       total 64512K, used 8301K [0x00000000a0000000, 0x00000000a3f00000, 0x00000000e0000000)
  object space 64512K, 12% used [0x00000000a0000000,0x00000000a081b7f8,0x00000000a3f00000)
 Metaspace       used 34569K, capacity 35102K, committed 35456K, reserved 1079296K
  class space    used 4728K, capacity 4908K, committed 4992K, reserved 1048576K
Event: 10.836 GC heap after
Heap after GC invocations=10 (full 1):
 PSYoungGen      total 78336K, used 9334K [0x00000000e0000000, 0x00000000e6d80000, 0x0000000100000000)
  eden space 67584K, 0% used [0x00000000e0000000,0x00000000e0000000,0x00000000e4200000)
  from space 10752K, 86% used [0x00000000e4200000,0x00000000e4b1d808,0x00000000e4c80000)
  to   space 11264K, 0% used [0x00000000e6280000,0x00000000e6280000,0x00000000e6d80000)
 ParOldGen       total 64512K, used 8309K [0x00000000a0000000, 0x00000000a3f00000, 0x00000000e0000000)
  object space 64512K, 12% used [0x00000000a0000000,0x00000000a081d7f8,0x00000000a3f00000)
 Metaspace       used 34569K, capacity 35102K, committed 35456K, reserved 1079296K
  class space    used 4728K, capacity 4908K, committed 4992K, reserved 1048576K
}
Event: 10.836 GC heap before
{Heap before GC invocations=11 (full 2):
 PSYoungGen      total 78336K, used 9334K [0x00000000e0000000, 0x00000000e6d80000, 0x0000000100000000)
  eden space 67584K, 0% used [0x00000000e0000000,0x00000000e0000000,0x00000000e4200000)
  from space 10752K, 86% used [0x00000000e4200000,0x00000000e4b1d808,0x00000000e4c80000)
  to   space 11264K, 0% used [0x00000000e6280000,0x00000000e6280000,0x00000000e6d80000)
 ParOldGen       total 64512K, used 8309K [0x00000000a0000000, 0x00000000a3f00000, 0x00000000e0000000)
  object space 64512K, 12% used [0x00000000a0000000,0x00000000a081d7f8,0x00000000a3f00000)
 Metaspace       used 34569K, capacity 35102K, committed 35456K, reserved 1079296K
  class space    used 4728K, capacity 4908K, committed 4992K, reserved 1048576K
Event: 10.980 GC heap after
Heap after GC invocations=11 (full 2):
 PSYoungGen      total 78336K, used 0K [0x00000000e0000000, 0x00000000e6d80000, 0x0000000100000000)
  eden space 67584K, 0% used [0x00000000e0000000,0x00000000e0000000,0x00000000e4200000)
  from space 10752K, 0% used [0x00000000e4200000,0x00000000e4200000,0x00000000e4c80000)
  to   space 11264K, 0% used [0x00000000e6280000,0x00000000e6280000,0x00000000e6d80000)
 ParOldGen       total 98816K, used 15593K [0x00000000a0000000, 0x00000000a6080000, 0x00000000e0000000)
  object space 98816K, 15% used [0x00000000a0000000,0x00000000a0f3a5d0,0x00000000a6080000)
 Metaspace       used 34569K, capacity 35102K, committed 35456K, reserved 1079296K
  class space    used 4728K, capacity 4908K, committed 4992K, reserved 1048576K
}
Event: 12.730 GC heap before
{Heap before GC invocations=12 (full 2):
 PSYoungGen      total 78336K, used 67584K [0x00000000e0000000, 0x00000000e6d80000, 0x0000000100000000)
  eden space 67584K, 100% used [0x00000000e0000000,0x00000000e4200000,0x00000000e4200000)
  from space 10752K, 0% used [0x00000000e4200000,0x00000000e4200000,0x00000000e4c80000)
  to   space 11264K, 0% used [0x00000000e6280000,0x00000000e6280000,0x00000000e6d80000)
 ParOldGen       total 98816K, used 15593K [0x00000000a0000000, 0x00000000a6080000, 0x00000000e0000000)
  object space 98816K, 15% used [0x00000000a0000000,0x00000000a0f3a5d0,0x00000000a6080000)
 Metaspace       used 40874K, capacity 41562K, committed 41856K, reserved 1085440K
  class space    used 5589K, capacity 5755K, committed 5760K, reserved 1048576K
Event: 12.743 GC heap after
Heap after GC invocations=12 (full 2):
 PSYoungGen      total 92672K, used 7088K [0x00000000e0000000, 0x00000000e6980000, 0x0000000100000000)
  eden space 85504K, 0% used [0x00000000e0000000,0x00000000e0000000,0x00000000e5380000)
  from space 7168K, 98% used [0x00000000e6280000,0x00000000e696c1c8,0x00000000e6980000)
  to   space 11264K, 0% used [0x00000000e5380000,0x00000000e5380000,0x00000000e5e80000)
 ParOldGen       total 98816K, used 15601K [0x00000000a0000000, 0x00000000a6080000, 0x00000000e0000000)
  object space 98816K, 15% used [0x00000000a0000000,0x00000000a0f3c5d0,0x00000000a6080000)
 Metaspace       used 40874K, capacity 41562K, committed 41856K, reserved 1085440K
  class space    used 5589K, capacity 5755K, committed 5760K, reserved 1048576K
}
Event: 14.297 GC heap before
{Heap before GC invocations=13 (full 2):
 PSYoungGen      total 92672K, used 92592K [0x00000000e0000000, 0x00000000e6980000, 0x0000000100000000)
  eden space 85504K, 100% used [0x00000000e0000000,0x00000000e5380000,0x00000000e5380000)
  from space 7168K, 98% used [0x00000000e6280000,0x00000000e696c1c8,0x00000000e6980000)
  to   space 11264K, 0% used [0x00000000e5380000,0x00000000e5380000,0x00000000e5e80000)
 ParOldGen       total 98816K, used 15601K [0x00000000a0000000, 0x00000000a6080000, 0x00000000e0000000)
  object space 98816K, 15% used [0x00000000a0000000,0x00000000a0f3c5d0,0x00000000a6080000)
 Metaspace       used 43743K, capacity 44756K, committed 44928K, reserved 1087488K
  class space    used 6008K, capacity 6258K, committed 6272K, reserved 1048576K
Event: 14.331 GC heap after
Heap after GC invocations=13 (full 2):
 PSYoungGen      total 96768K, used 11240K [0x00000000e0000000, 0x00000000e8280000, 0x0000000100000000)
  eden space 85504K, 0% used [0x00000000e0000000,0x00000000e0000000,0x00000000e5380000)
  from space 11264K, 99% used [0x00000000e5380000,0x00000000e5e7a3b8,0x00000000e5e80000)
  to   space 12288K, 0% used [0x00000000e7680000,0x00000000e7680000,0x00000000e8280000)
 ParOldGen       total 98816K, used 16322K [0x00000000a0000000, 0x00000000a6080000, 0x00000000e0000000)
  object space 98816K, 16% used [0x00000000a0000000,0x00000000a0ff0bd0,0x00000000a6080000)
 Metaspace       used 43743K, capacity 44756K, committed 44928K, reserved 1087488K
  class space    used 6008K, capacity 6258K, committed 6272K, reserved 1048576K
}

Deoptimization events (10 events):
Event: 11.155 Thread 0x0000000018c27000 Uncommon trap: reason=class_check action=maybe_recompile pc=0x0000000003d97b04 method=sun.security.provider.DigestBase.engineUpdate([BII)V @ 128
Event: 11.156 Thread 0x0000000018c27000 Uncommon trap: reason=class_check action=maybe_recompile pc=0x0000000003d97b04 method=sun.security.provider.DigestBase.engineUpdate([BII)V @ 128
Event: 11.391 Thread 0x0000000018c27000 Uncommon trap: reason=unstable_if action=reinterpret pc=0x0000000003d3d3b0 method=java.util.WeakHashMap.eq(Ljava/lang/Object;Ljava/lang/Object;)Z @ 10
Event: 12.105 Thread 0x0000000018c27000 Uncommon trap: reason=unstable_if action=reinterpret pc=0x00000000038464fc method=java.io.DataInputStream.readUTF(Ljava/io/DataInput;)Ljava/lang/String; @ 31
Event: 12.344 Thread 0x0000000018c27000 Uncommon trap: reason=unstable_if action=reinterpret pc=0x0000000003a84574 method=java.util.WeakHashMap.remove(Ljava/lang/Object;)Ljava/lang/Object; @ 94
Event: 12.413 Thread 0x0000000018c27000 Uncommon trap: reason=unstable_if action=reinterpret pc=0x000000000418bd0c method=java.util.regex.Pattern$Ctype.isSatisfiedBy(I)Z @ 4
Event: 13.368 Thread 0x0000000018c27000 Uncommon trap: reason=predicate action=maybe_recompile pc=0x000000000351075c method=java.util.Arrays$ArrayList.indexOf(Ljava/lang/Object;)I @ 42
Event: 14.285 Thread 0x0000000018c27000 Uncommon trap: reason=unstable_if action=reinterpret pc=0x0000000003e5dc5c method=groovy.lang.MetaClassImpl$1MOPIter.methodNameAction(Ljava/lang/Class;Lorg/codehaus/groovy/runtime/metaclass/MetaMethodIndex$Entry;)V @ 354
Event: 14.285 Thread 0x0000000018c27000 Uncommon trap: reason=predicate action=maybe_recompile pc=0x00000000043e1aa4 method=java.util.Arrays.binarySearch0([Ljava/lang/Object;IILjava/lang/Object;Ljava/util/Comparator;)I @ 28
Event: 14.664 Thread 0x0000000018c27000 Uncommon trap: reason=unstable_if action=reinterpret pc=0x000000000388b344 method=java.lang.AbstractStringBuilder.append(Ljava/lang/String;)Ljava/lang/AbstractStringBuilder; @ 1

Internal exceptions (10 events):
Event: 14.572 Thread 0x0000000018c27000 Exception <a 'java/lang/NoSuchMethodError': java.lang.Object.lambda$static$2(Ljava/util/Set;Ljava/util/Set;)Z> (0x00000000e0ba3780) thrown at [C:\re\workspace\8-2-build-windows-amd64-cygwin\jdk8u131\8869\hotspot\src\share\vm\interpreter\linkResolver.cpp, 
Event: 14.622 Thread 0x0000000018c27000 Exception <a 'java/lang/ClassNotFoundException': com/android/build/gradle/internal/tasks/InstallVariantTask_DecoratedBeanInfo> (0x00000000e0cf5e70) thrown at [C:\re\workspace\8-2-build-windows-amd64-cygwin\jdk8u131\8869\hotspot\src\share\vm\classfile\syst
Event: 14.624 Thread 0x0000000018c27000 Exception <a 'java/lang/ClassNotFoundException': com/android/build/gradle/internal/tasks/InstallVariantTaskBeanInfo> (0x00000000e0d09708) thrown at [C:\re\workspace\8-2-build-windows-amd64-cygwin\jdk8u131\8869\hotspot\src\share\vm\classfile\systemDictiona
Event: 14.625 Thread 0x0000000018c27000 Exception <a 'java/lang/ClassNotFoundException': com/android/build/gradle/internal/tasks/InstallVariantTaskCustomizer> (0x00000000e0d221b8) thrown at [C:\re\workspace\8-2-build-windows-amd64-cygwin\jdk8u131\8869\hotspot\src\share\vm\classfile\systemDictio
Event: 14.628 Thread 0x0000000018c27000 Exception <a 'java/lang/ClassNotFoundException': com/android/build/gradle/internal/tasks/InstallVariantTask_DecoratedCustomizer> (0x00000000e0d65478) thrown at [C:\re\workspace\8-2-build-windows-amd64-cygwin\jdk8u131\8869\hotspot\src\share\vm\classfile\sy
Event: 14.644 Thread 0x0000000018c27000 Exception <a 'java/lang/ClassNotFoundException': com/android/build/gradle/internal/tasks/UninstallTask_DecoratedBeanInfo> (0x00000000e0e826c8) thrown at [C:\re\workspace\8-2-build-windows-amd64-cygwin\jdk8u131\8869\hotspot\src\share\vm\classfile\systemDic
Event: 14.645 Thread 0x0000000018c27000 Exception <a 'java/lang/ClassNotFoundException': com/android/build/gradle/internal/tasks/UninstallTaskBeanInfo> (0x00000000e0e95748) thrown at [C:\re\workspace\8-2-build-windows-amd64-cygwin\jdk8u131\8869\hotspot\src\share\vm\classfile\systemDictionary.cp
Event: 14.645 Thread 0x0000000018c27000 Exception <a 'java/lang/ClassNotFoundException': com/android/build/gradle/internal/tasks/UninstallTaskCustomizer> (0x00000000e0ea8b48) thrown at [C:\re\workspace\8-2-build-windows-amd64-cygwin\jdk8u131\8869\hotspot\src\share\vm\classfile\systemDictionary.
Event: 14.647 Thread 0x0000000018c27000 Exception <a 'java/lang/ClassNotFoundException': com/android/build/gradle/internal/tasks/UninstallTask_DecoratedCustomizer> (0x00000000e0ed4018) thrown at [C:\re\workspace\8-2-build-windows-amd64-cygwin\jdk8u131\8869\hotspot\src\share\vm\classfile\systemD
Event: 14.663 Thread 0x0000000018c27000 Implicit null exception at 0x000000000388ade5 to 0x000000000388b335

Events (10 events):
Event: 14.673 Thread 0x00000000160a6000 flushing nmethod 0x00000000036255d0
Event: 14.673 Thread 0x00000000160a6000 flushing nmethod 0x000000000362add0
Event: 14.673 Thread 0x00000000160a6000 flushing nmethod 0x000000000362b210
Event: 14.673 Thread 0x00000000160a6000 flushing nmethod 0x000000000362b750
Event: 14.673 Thread 0x00000000160a6000 flushing nmethod 0x000000000362f210
Event: 14.673 Thread 0x00000000160a6000 flushing nmethod 0x00000000036303d0
Event: 14.673 Thread 0x00000000160a6000 flushing nmethod 0x0000000003633b10
Event: 14.673 Thread 0x00000000160a6000 flushing nmethod 0x0000000003637ad0
Event: 14.673 Thread 0x00000000160a6000 flushing nmethod 0x0000000003644a10
Event: 14.673 Thread 0x00000000160a6000 flushing nmethod 0x000000000365f910


Dynamic libraries:
0x00007ff7fb480000 - 0x00007ff7fb4b7000 	C:\Program Files\Java\jdk1.8.0_131\bin\java.exe
0x00007ffdb9070000 - 0x00007ffdb9241000 	C:\WINDOWS\SYSTEM32\ntdll.dll
0x00007ffdb8ad0000 - 0x00007ffdb8b7c000 	C:\WINDOWS\System32\KERNEL32.DLL
0x00007ffdb5580000 - 0x00007ffdb579d000 	C:\WINDOWS\System32\KERNELBASE.dll
0x00007ffdb6e20000 - 0x00007ffdb6ec2000 	C:\WINDOWS\System32\ADVAPI32.dll
0x00007ffdb6a10000 - 0x00007ffdb6aae000 	C:\WINDOWS\System32\msvcrt.dll
0x00007ffdb7100000 - 0x00007ffdb7159000 	C:\WINDOWS\System32\sechost.dll
0x00007ffdb7490000 - 0x00007ffdb75b1000 	C:\WINDOWS\System32\RPCRT4.dll
0x00007ffdb7160000 - 0x00007ffdb72c5000 	C:\WINDOWS\System32\USER32.dll
0x00007ffdb5560000 - 0x00007ffdb557e000 	C:\WINDOWS\System32\win32u.dll
0x00007ffdb6de0000 - 0x00007ffdb6e14000 	C:\WINDOWS\System32\GDI32.dll
0x00007ffdb5e80000 - 0x00007ffdb6002000 	C:\WINDOWS\System32\gdi32full.dll
0x00007ffdae390000 - 0x00007ffdae60a000 	C:\WINDOWS\WinSxS\amd64_microsoft.windows.common-controls_6595b64144ccf1df_6.0.14393.953_none_42151e83c686086b\COMCTL32.dll
0x00007ffdb6600000 - 0x00007ffdb68c8000 	C:\WINDOWS\System32\combase.dll
0x00007ffdb6010000 - 0x00007ffdb6105000 	C:\WINDOWS\System32\ucrtbase.dll
0x00007ffdb6110000 - 0x00007ffdb617a000 	C:\WINDOWS\System32\bcryptPrimitives.dll
0x00007ffdb70d0000 - 0x00007ffdb70fe000 	C:\WINDOWS\System32\IMM32.DLL
0x000000006efd0000 - 0x000000006f0a2000 	C:\Program Files\Java\jdk1.8.0_131\jre\bin\msvcr100.dll
0x000000006cd80000 - 0x000000006d61c000 	C:\Program Files\Java\jdk1.8.0_131\jre\bin\server\jvm.dll
0x00007ffdb6c50000 - 0x00007ffdb6c58000 	C:\WINDOWS\System32\PSAPI.DLL
0x00007ffdb3400000 - 0x00007ffdb3423000 	C:\WINDOWS\SYSTEM32\WINMM.dll
0x00007ffd97cb0000 - 0x00007ffd97cb9000 	C:\WINDOWS\SYSTEM32\WSOCK32.dll
0x00007ffdb1ad0000 - 0x00007ffdb1ada000 	C:\WINDOWS\SYSTEM32\VERSION.dll
0x00007ffdb7340000 - 0x00007ffdb73aa000 	C:\WINDOWS\System32\WS2_32.dll
0x0000000000ec0000 - 0x0000000000eeb000 	C:\WINDOWS\SYSTEM32\WINMMBASE.dll
0x00007ffdb65b0000 - 0x00007ffdb65f2000 	C:\WINDOWS\System32\cfgmgr32.dll
0x000000006fa20000 - 0x000000006fa2f000 	C:\Program Files\Java\jdk1.8.0_131\jre\bin\verify.dll
0x000000006efa0000 - 0x000000006efc9000 	C:\Program Files\Java\jdk1.8.0_131\jre\bin\java.dll
0x000000006ef80000 - 0x000000006ef96000 	C:\Program Files\Java\jdk1.8.0_131\jre\bin\zip.dll
0x00007ffdb75c0000 - 0x00007ffdb8ac8000 	C:\WINDOWS\System32\SHELL32.dll
0x00007ffdb57a0000 - 0x00007ffdb5e7a000 	C:\WINDOWS\System32\windows.storage.dll
0x00007ffdb5500000 - 0x00007ffdb554c000 	C:\WINDOWS\System32\powrprof.dll
0x00007ffdb72d0000 - 0x00007ffdb7322000 	C:\WINDOWS\System32\shlwapi.dll
0x00007ffdb54f0000 - 0x00007ffdb54ff000 	C:\WINDOWS\System32\kernel.appcore.dll
0x00007ffdb6500000 - 0x00007ffdb65a9000 	C:\WINDOWS\System32\shcore.dll
0x00007ffdb54d0000 - 0x00007ffdb54e4000 	C:\WINDOWS\System32\profapi.dll
0x000000006ef60000 - 0x000000006ef7a000 	C:\Program Files\Java\jdk1.8.0_131\jre\bin\net.dll
0x00007ffdb4e00000 - 0x00007ffdb4e5c000 	C:\WINDOWS\system32\mswsock.dll
0x000000006ef40000 - 0x000000006ef51000 	C:\Program Files\Java\jdk1.8.0_131\jre\bin\nio.dll
0x00007ffda3df0000 - 0x00007ffda3e02000 	C:\Users\IVAN\.gradle\native\19\windows-amd64\native-platform.dll
0x00007ffdb4fa0000 - 0x00007ffdb4fb7000 	C:\WINDOWS\SYSTEM32\CRYPTSP.dll
0x00007ffdb4a00000 - 0x00007ffdb4a33000 	C:\WINDOWS\system32\rsaenh.dll
0x00007ffdb50b0000 - 0x00007ffdb50db000 	C:\WINDOWS\SYSTEM32\bcrypt.dll
0x00007ffdb4c80000 - 0x00007ffdb4c9f000 	C:\WINDOWS\SYSTEM32\USERENV.dll
0x00007ffdb4fc0000 - 0x00007ffdb4fcb000 	C:\WINDOWS\SYSTEM32\CRYPTBASE.dll
0x00007ffdb4b80000 - 0x00007ffdb4bb8000 	C:\WINDOWS\SYSTEM32\IPHLPAPI.DLL
0x00007ffdb7410000 - 0x00007ffdb7418000 	C:\WINDOWS\System32\NSI.dll
0x00007ffdb1020000 - 0x00007ffdb1036000 	C:\WINDOWS\SYSTEM32\dhcpcsvc6.DLL
0x00007ffdb10a0000 - 0x00007ffdb10ba000 	C:\WINDOWS\SYSTEM32\dhcpcsvc.DLL
0x000000006fa10000 - 0x000000006fa1d000 	C:\Program Files\Java\jdk1.8.0_131\jre\bin\management.dll

VM Arguments:
jvm_args: -Xmx1536m -Dfile.encoding=windows-1251 -Duser.country=RU -Duser.language=ru -Duser.variant 
java_command: org.gradle.launcher.daemon.bootstrap.GradleDaemon 2.14.1
java_class_path (initial): C:\Users\IVAN\.gradle\wrapper\dists\gradle-2.14.1-all\8bnwg5hd3w55iofp58khbp6yv\gradle-2.14.1\lib\gradle-launcher-2.14.1.jar
Launcher Type: SUN_STANDARD

Environment Variables:
JAVA_HOME=C:\Program Files\Java\jdk1.8.0_92
PATH=C:\ProgramData\Oracle\Java\javapath;C:\Python33\;C:\Program Files (x86)\Intel\iCLS Client\;C:\Program Files\Intel\iCLS Client\;C:\WINDOWS\system32;C:\WINDOWS;C:\WINDOWS\System32\Wbem;C:\WINDOWS\System32\WindowsPowerShell\v1.0\;C:\Program Files (x86)\Windows Live\Shared;C:\Program Files (x86)\Intel\OpenCL SDK\2.0\bin\x86;C:\Program Files (x86)\Intel\OpenCL SDK\2.0\bin\x64;C:\Program Files\Intel\Intel(R) Management Engine Components\DAL;C:\Program Files\Intel\Intel(R) Management Engine Components\IPT;C:\Program Files (x86)\Intel\Intel(R) Management Engine Components\DAL;C:\Program Files (x86)\Intel\Intel(R) Management Engine Components\IPT;C:\Program Files\Intel\WiFi\bin\;C:\Program Files\Common Files\Intel\WirelessCommon\;C:\Program Files (x86)\Microsoft SQL Server\100\Tools\Binn\;C:\Program Files\Microsoft SQL Server\100\Tools\Binn\;C:\Program Files\Microsoft SQL Server\100\DTS\Binn\;C:\Program Files (x86)\Microsoft SQL Server\100\Tools\Binn\VSShell\Common7\IDE\;C:\Program Files (x86)\Microsoft SQL Server\100\DTS\Binn\;C:\Program Files (x86)\Common Files\Acronis\SnapAPI\;C:\Program Files (x86)\NVIDIA Corporation\PhysX\Common;C:\Program Files\Condusiv Technologies\ExpressCache\;C:\Program Files (x86)\Skype\Phone\;C:\WINDOWS\system32;C:\WINDOWS;C:\WINDOWS\System32\Wbem;C:\WINDOWS\System32\WindowsPowerShell\v1.0\;C:\Users\IVAN\AppData\Local\Microsoft\WindowsApps
USERNAME=IVAN
OS=Windows_NT
PROCESSOR_IDENTIFIER=Intel64 Family 6 Model 58 Stepping 9, GenuineIntel



---------------  S Y S T E M  ---------------

OS: Windows 10.0 , 64 bit Build 14393 (10.0.14393.1198)

CPU:total 4 (initial active 4) (2 cores per cpu, 2 threads per core) family 6 model 58 stepping 9, cmov, cx8, fxsr, mmx, sse, sse2, sse3, ssse3, sse4.1, sse4.2, popcnt, avx, aes, clmul, erms, ht, tsc, tscinvbit, tscinv

Memory: 4k page, physical 8271404k(1018264k free), swap 9319980k(6196k free)

vm_info: Java HotSpot(TM) 64-Bit Server VM (25.131-b11) for windows-amd64 JRE (1.8.0_131-b11), built on Mar 15 2017 01:23:53 by "java_re" with MS VC++ 10.0 (VS2010)

time: Tue May 16 22:54:50 2017
elapsed time: 14 seconds (0d 0h 0m 14s)

