#
# There is insufficient memory for the Java Runtime Environment to continue.
# Native memory allocation (malloc) failed to allocate 32744 bytes for ChunkPool::allocate
# Possible reasons:
#   The system is out of physical RAM or swap space
#   In 32 bit mode, the process size limit was hit
# Possible solutions:
#   Reduce memory load on the system
#   Increase physical memory or swap space
#   Check if swap backing store is full
#   Use 64 bit Java on a 64 bit OS
#   Decrease Java heap size (-Xmx/-Xms)
#   Decrease number of Java threads
#   Decrease Java thread stack sizes (-Xss)
#   Set larger code cache with -XX:ReservedCodeCacheSize=
# This output file may be truncated or incomplete.
#
#  Out of Memory Error (allocation.cpp:273), pid=13156, tid=0x0000000000003b24
#
# JRE version: Java(TM) SE Runtime Environment (8.0_131-b11) (build 1.8.0_131-b11)
# Java VM: Java HotSpot(TM) 64-Bit Server VM (25.131-b11 mixed mode windows-amd64 compressed oops)
# Failed to write core dump. Minidumps are not enabled by default on client versions of Windows
#

---------------  T H R E A D  ---------------

Current thread (0x0000000016a60000):  JavaThread "C2 CompilerThread1" daemon [_thread_in_native, id=15140, stack(0x00000000181b0000,0x00000000182b0000)]

Stack: [0x00000000181b0000,0x00000000182b0000]
[error occurred during error reporting (printing stack bounds), id 0xc0000005]

Native frames: (J=compiled Java code, j=interpreted, Vv=VM code, C=native code)


Current CompileTask:
C2:  11115 3319       4       org.gradle.model.internal.type.ModelType::wrap (219 bytes)


---------------  P R O C E S S  ---------------

Java Threads: ( => current thread )
  0x00000000197f0000 JavaThread "File lock request listener" [_thread_in_native, id=4668, stack(0x000000001d800000,0x000000001d900000)]
  0x00000000197ec800 JavaThread "Stdin handler" [_thread_blocked, id=14200, stack(0x000000001af60000,0x000000001b060000)]
  0x00000000197eb800 JavaThread "Asynchronous log dispatcher for org.gradle.launcher.daemon.server.DefaultDaemonConnection@522918c9" [_thread_blocked, id=13108, stack(0x000000001ae60000,0x000000001af60000)]
  0x00000000197ee000 JavaThread "Daemon worker" [_thread_in_vm, id=13768, stack(0x000000001ad60000,0x000000001ae60000)]
  0x00000000197ef800 JavaThread "Cancel handler" [_thread_blocked, id=9888, stack(0x000000001ac60000,0x000000001ad60000)]
  0x000000001999b000 JavaThread "Handler for socket connection from /127.0.0.1:64745 to /127.0.0.1:64746" [_thread_in_native, id=12624, stack(0x000000001ab60000,0x000000001ac60000)]
  0x000000001999a800 JavaThread "Daemon" [_thread_blocked, id=14496, stack(0x000000001aa60000,0x000000001ab60000)]
  0x0000000019655800 JavaThread "Incoming local TCP Connector on port 64745" [_thread_in_native, id=10544, stack(0x000000001a670000,0x000000001a770000)]
  0x00000000194cc000 JavaThread "pool-1-thread-1" [_thread_blocked, id=8252, stack(0x000000001a570000,0x000000001a670000)]
  0x0000000016abb800 JavaThread "Service Thread" daemon [_thread_blocked, id=10960, stack(0x00000000187b0000,0x00000000188b0000)]
  0x0000000016a72000 JavaThread "C1 CompilerThread2" daemon [_thread_blocked, id=9980, stack(0x00000000182b0000,0x00000000183b0000)]
=>0x0000000016a60000 JavaThread "C2 CompilerThread1" daemon [_thread_in_native, id=15140, stack(0x00000000181b0000,0x00000000182b0000)]
  0x0000000016a5d800 JavaThread "C2 CompilerThread0" daemon [_thread_in_native, id=13960, stack(0x00000000180b0000,0x00000000181b0000)]
  0x0000000016a5b000 JavaThread "Attach Listener" daemon [_thread_blocked, id=11604, stack(0x0000000017fb0000,0x00000000180b0000)]
  0x0000000016a67000 JavaThread "Signal Dispatcher" daemon [_thread_blocked, id=10656, stack(0x0000000017eb0000,0x0000000017fb0000)]
  0x0000000016a4a800 JavaThread "Finalizer" daemon [_thread_blocked, id=8812, stack(0x0000000017cc0000,0x0000000017dc0000)]
  0x0000000001c90000 JavaThread "Reference Handler" daemon [_thread_blocked, id=13880, stack(0x0000000017bc0000,0x0000000017cc0000)]
  0x0000000001ba2800 JavaThread "main" [_thread_blocked, id=13692, stack(0x0000000001a40000,0x0000000001b40000)]

Other Threads:
  0x0000000016a27000 VMThread [stack: 0x0000000017ac0000,0x0000000017bc0000] [id=11872]
  0x00000000183e4000 WatcherThread [stack: 0x00000000188b0000,0x00000000189b0000] [id=4036]

VM state:not at safepoint (normal execution)

VM Mutex/Monitor currently owned by a thread: None

Heap:
 PSYoungGen      total 106496K, used 15203K [0x00000000e0000000, 0x00000000e9e00000, 0x0000000100000000)
  eden space 95744K, 15% used [0x00000000e0000000,0x00000000e0ed8d80,0x00000000e5d80000)
  from space 10752K, 0% used [0x00000000e5d80000,0x00000000e5d80000,0x00000000e6800000)
  to   space 11776K, 0% used [0x00000000e9280000,0x00000000e9280000,0x00000000e9e00000)
 ParOldGen       total 102912K, used 16530K [0x00000000a0000000, 0x00000000a6480000, 0x00000000e0000000)
  object space 102912K, 16% used [0x00000000a0000000,0x00000000a1024930,0x00000000a6480000)
 Metaspace       used 35044K, capacity 35620K, committed 35968K, reserved 1081344K
  class space    used 4785K, capacity 4973K, committed 4992K, reserved 1048576K

Card table byte_map: [0x0000000001ca0000,0x0000000001fb0000] byte_map_base: 0x00000000017a0000

Marking Bits: (ParMarkBitMap*) 0x000000006018c720
 Begin Bits: [0x0000000012dc0000, 0x00000000145c0000)
 End Bits:   [0x00000000145c0000, 0x0000000015dc0000)

Polling page: 0x00000000016b0000

CodeCache: size=245760Kb used=13220Kb max_used=13220Kb free=232539Kb
 bounds [0x0000000003400000, 0x0000000004100000, 0x0000000012400000]
 total_blobs=4249 nmethods=3572 adapters=589
 compilation: enabled

Compilation events (10 events):
Event: 11.101 Thread 0x0000000016a72000 nmethod 3582 0x00000000040eb950 code [0x00000000040ebaa0, 0x00000000040ebc10]
Event: 11.102 Thread 0x0000000016a72000 3584       2       org.gradle.listener.ActionBroadcast::<init> (16 bytes)
Event: 11.102 Thread 0x0000000016a72000 nmethod 3584 0x00000000040ebcd0 code [0x00000000040ebe20, 0x00000000040ebff0]
Event: 11.104 Thread 0x0000000016a72000 3585       2       org.gradle.api.internal.artifacts.configurations.DefaultConfiguration_Decorated::getName (26 bytes)
Event: 11.104 Thread 0x0000000016a72000 nmethod 3585 0x00000000040ec090 code [0x00000000040ec220, 0x00000000040ec5b8]
Event: 11.104 Thread 0x0000000016a72000 3586       2       java.util.ArrayList::clear (39 bytes)
Event: 11.105 Thread 0x0000000016a72000 nmethod 3586 0x00000000040ec810 code [0x00000000040ec980, 0x00000000040ecb70]
Event: 11.105 Thread 0x0000000016a72000 3587       1       java.util.Collections$1::hasNext (5 bytes)
Event: 11.105 Thread 0x0000000016a72000 nmethod 3587 0x00000000040ecc90 code [0x00000000040ecde0, 0x00000000040ecef0]
Event: 11.105 Thread 0x0000000016a72000 3588       2       java.util.Formatter::parse (151 bytes)

GC Heap History (10 events):
Event: 5.036 GC heap before
{Heap before GC invocations=5 (full 1):
 PSYoungGen      total 71680K, used 5088K [0x00000000e0000000, 0x00000000e4b00000, 0x0000000100000000)
  eden space 66560K, 0% used [0x00000000e0000000,0x00000000e0000000,0x00000000e4100000)
  from space 5120K, 99% used [0x00000000e4600000,0x00000000e4af8020,0x00000000e4b00000)
  to   space 5120K, 0% used [0x00000000e4100000,0x00000000e4100000,0x00000000e4600000)
 ParOldGen       total 87552K, used 7453K [0x00000000a0000000, 0x00000000a5580000, 0x00000000e0000000)
  object space 87552K, 8% used [0x00000000a0000000,0x00000000a07474b8,0x00000000a5580000)
 Metaspace       used 20836K, capacity 21166K, committed 21296K, reserved 1067008K
  class space    used 2812K, capacity 2914K, committed 2944K, reserved 1048576K
Event: 5.102 GC heap after
Heap after GC invocations=5 (full 1):
 PSYoungGen      total 71680K, used 0K [0x00000000e0000000, 0x00000000e4b00000, 0x0000000100000000)
  eden space 66560K, 0% used [0x00000000e0000000,0x00000000e0000000,0x00000000e4100000)
  from space 5120K, 0% used [0x00000000e4600000,0x00000000e4600000,0x00000000e4b00000)
  to   space 5120K, 0% used [0x00000000e4100000,0x00000000e4100000,0x00000000e4600000)
 ParOldGen       total 63488K, used 7989K [0x00000000a0000000, 0x00000000a3e00000, 0x00000000e0000000)
  object space 63488K, 12% used [0x00000000a0000000,0x00000000a07cd728,0x00000000a3e00000)
 Metaspace       used 20836K, capacity 21166K, committed 21296K, reserved 1067008K
  class space    used 2812K, capacity 2914K, committed 2944K, reserved 1048576K
}
Event: 7.361 GC heap before
{Heap before GC invocations=6 (full 1):
 PSYoungGen      total 71680K, used 66560K [0x00000000e0000000, 0x00000000e4b00000, 0x0000000100000000)
  eden space 66560K, 100% used [0x00000000e0000000,0x00000000e4100000,0x00000000e4100000)
  from space 5120K, 0% used [0x00000000e4600000,0x00000000e4600000,0x00000000e4b00000)
  to   space 5120K, 0% used [0x00000000e4100000,0x00000000e4100000,0x00000000e4600000)
 ParOldGen       total 63488K, used 7989K [0x00000000a0000000, 0x00000000a3e00000, 0x00000000e0000000)
  object space 63488K, 12% used [0x00000000a0000000,0x00000000a07cd728,0x00000000a3e00000)
 Metaspace       used 26293K, capacity 26708K, committed 27008K, reserved 1073152K
  class space    used 3705K, capacity 3864K, committed 3968K, reserved 1048576K
Event: 7.373 GC heap after
Heap after GC invocations=6 (full 1):
 PSYoungGen      total 71680K, used 5096K [0x00000000e0000000, 0x00000000e7280000, 0x0000000100000000)
  eden space 66560K, 0% used [0x00000000e0000000,0x00000000e0000000,0x00000000e4100000)
  from space 5120K, 99% used [0x00000000e4100000,0x00000000e45fa2d8,0x00000000e4600000)
  to   space 10240K, 0% used [0x00000000e6880000,0x00000000e6880000,0x00000000e7280000)
 ParOldGen       total 63488K, used 10180K [0x00000000a0000000, 0x00000000a3e00000, 0x00000000e0000000)
  object space 63488K, 16% used [0x00000000a0000000,0x00000000a09f11a0,0x00000000a3e00000)
 Metaspace       used 26293K, capacity 26708K, committed 27008K, reserved 1073152K
  class space    used 3705K, capacity 3864K, committed 3968K, reserved 1048576K
}
Event: 9.641 GC heap before
{Heap before GC invocations=7 (full 1):
 PSYoungGen      total 71680K, used 71656K [0x00000000e0000000, 0x00000000e7280000, 0x0000000100000000)
  eden space 66560K, 100% used [0x00000000e0000000,0x00000000e4100000,0x00000000e4100000)
  from space 5120K, 99% used [0x00000000e4100000,0x00000000e45fa2d8,0x00000000e4600000)
  to   space 10240K, 0% used [0x00000000e6880000,0x00000000e6880000,0x00000000e7280000)
 ParOldGen       total 63488K, used 10180K [0x00000000a0000000, 0x00000000a3e00000, 0x00000000e0000000)
  object space 63488K, 16% used [0x00000000a0000000,0x00000000a09f11a0,0x00000000a3e00000)
 Metaspace       used 31042K, capacity 31594K, committed 31872K, reserved 1077248K
  class space    used 4272K, capacity 4450K, committed 4480K, reserved 1048576K
Event: 9.661 GC heap after
Heap after GC invocations=7 (full 1):
 PSYoungGen      total 105984K, used 8711K [0x00000000e0000000, 0x00000000e7280000, 0x0000000100000000)
  eden space 95744K, 0% used [0x00000000e0000000,0x00000000e0000000,0x00000000e5d80000)
  from space 10240K, 85% used [0x00000000e6880000,0x00000000e7101e78,0x00000000e7280000)
  to   space 10752K, 0% used [0x00000000e5d80000,0x00000000e5d80000,0x00000000e6800000)
 ParOldGen       total 63488K, used 10188K [0x00000000a0000000, 0x00000000a3e00000, 0x00000000e0000000)
  object space 63488K, 16% used [0x00000000a0000000,0x00000000a09f31a0,0x00000000a3e00000)
 Metaspace       used 31042K, capacity 31594K, committed 31872K, reserved 1077248K
  class space    used 4272K, capacity 4450K, committed 4480K, reserved 1048576K
}
Event: 10.810 GC heap before
{Heap before GC invocations=8 (full 1):
 PSYoungGen      total 105984K, used 68282K [0x00000000e0000000, 0x00000000e7280000, 0x0000000100000000)
  eden space 95744K, 62% used [0x00000000e0000000,0x00000000e3a2c9d0,0x00000000e5d80000)
  from space 10240K, 85% used [0x00000000e6880000,0x00000000e7101e78,0x00000000e7280000)
  to   space 10752K, 0% used [0x00000000e5d80000,0x00000000e5d80000,0x00000000e6800000)
 ParOldGen       total 63488K, used 10188K [0x00000000a0000000, 0x00000000a3e00000, 0x00000000e0000000)
  object space 63488K, 16% used [0x00000000a0000000,0x00000000a09f31a0,0x00000000a3e00000)
 Metaspace       used 34573K, capacity 35102K, committed 35456K, reserved 1079296K
  class space    used 4726K, capacity 4908K, committed 4992K, reserved 1048576K
Event: 10.823 GC heap after
Heap after GC invocations=8 (full 1):
 PSYoungGen      total 106496K, used 10350K [0x00000000e0000000, 0x00000000e9e00000, 0x0000000100000000)
  eden space 95744K, 0% used [0x00000000e0000000,0x00000000e0000000,0x00000000e5d80000)
  from space 10752K, 96% used [0x00000000e5d80000,0x00000000e679b8c8,0x00000000e6800000)
  to   space 11776K, 0% used [0x00000000e9280000,0x00000000e9280000,0x00000000e9e00000)
 ParOldGen       total 63488K, used 10196K [0x00000000a0000000, 0x00000000a3e00000, 0x00000000e0000000)
  object space 63488K, 16% used [0x00000000a0000000,0x00000000a09f51a0,0x00000000a3e00000)
 Metaspace       used 34573K, capacity 35102K, committed 35456K, reserved 1079296K
  class space    used 4726K, capacity 4908K, committed 4992K, reserved 1048576K
}
Event: 10.823 GC heap before
{Heap before GC invocations=9 (full 2):
 PSYoungGen      total 106496K, used 10350K [0x00000000e0000000, 0x00000000e9e00000, 0x0000000100000000)
  eden space 95744K, 0% used [0x00000000e0000000,0x00000000e0000000,0x00000000e5d80000)
  from space 10752K, 96% used [0x00000000e5d80000,0x00000000e679b8c8,0x00000000e6800000)
  to   space 11776K, 0% used [0x00000000e9280000,0x00000000e9280000,0x00000000e9e00000)
 ParOldGen       total 63488K, used 10196K [0x00000000a0000000, 0x00000000a3e00000, 0x00000000e0000000)
  object space 63488K, 16% used [0x00000000a0000000,0x00000000a09f51a0,0x00000000a3e00000)
 Metaspace       used 34573K, capacity 35102K, committed 35456K, reserved 1079296K
  class space    used 4726K, capacity 4908K, committed 4992K, reserved 1048576K
Event: 10.931 GC heap after
Heap after GC invocations=9 (full 2):
 PSYoungGen      total 106496K, used 0K [0x00000000e0000000, 0x00000000e9e00000, 0x0000000100000000)
  eden space 95744K, 0% used [0x00000000e0000000,0x00000000e0000000,0x00000000e5d80000)
  from space 10752K, 0% used [0x00000000e5d80000,0x00000000e5d80000,0x00000000e6800000)
  to   space 11776K, 0% used [0x00000000e9280000,0x00000000e9280000,0x00000000e9e00000)
 ParOldGen       total 102912K, used 16530K [0x00000000a0000000, 0x00000000a6480000, 0x00000000e0000000)
  object space 102912K, 16% used [0x00000000a0000000,0x00000000a1024930,0x00000000a6480000)
 Metaspace       used 34573K, capacity 35102K, committed 35456K, reserved 1079296K
  class space    used 4726K, capacity 4908K, committed 4992K, reserved 1048576K
}

Deoptimization events (10 events):
Event: 10.155 Thread 0x00000000197ee000 Uncommon trap: reason=unstable_if action=reinterpret pc=0x0000000003f8e8b8 method=java.lang.reflect.Modifier.toString(I)Ljava/lang/String; @ 123
Event: 10.621 Thread 0x00000000197ee000 Uncommon trap: reason=bimorphic action=maybe_recompile pc=0x0000000003c477b0 method=java.util.regex.Pattern$Start.match(Ljava/util/regex/Matcher;ILjava/lang/CharSequence;)Z @ 44
Event: 10.649 Thread 0x00000000197ee000 Uncommon trap: reason=bimorphic action=maybe_recompile pc=0x0000000003c477b0 method=java.util.regex.Pattern$Start.match(Ljava/util/regex/Matcher;ILjava/lang/CharSequence;)Z @ 44
Event: 10.649 Thread 0x00000000197ee000 Uncommon trap: reason=bimorphic action=maybe_recompile pc=0x0000000003c477b0 method=java.util.regex.Pattern$Start.match(Ljava/util/regex/Matcher;ILjava/lang/CharSequence;)Z @ 44
Event: 10.655 Thread 0x00000000197ee000 Uncommon trap: reason=bimorphic action=maybe_recompile pc=0x0000000003c477b0 method=java.util.regex.Pattern$Start.match(Ljava/util/regex/Matcher;ILjava/lang/CharSequence;)Z @ 44
Event: 10.932 Thread 0x00000000197ee000 Uncommon trap: reason=unstable_if action=reinterpret pc=0x000000000405e8e4 method=java.util.HashMap.putVal(ILjava/lang/Object;Ljava/lang/Object;ZZ)Ljava/lang/Object; @ 236
Event: 10.950 Thread 0x00000000197ee000 Uncommon trap: reason=bimorphic action=maybe_recompile pc=0x0000000003c41754 method=java.util.regex.Pattern$Start.match(Ljava/util/regex/Matcher;ILjava/lang/CharSequence;)Z @ 44
Event: 10.954 Thread 0x00000000197ee000 Uncommon trap: reason=unstable_if action=reinterpret pc=0x0000000003aa1dbc method=java.lang.CharacterDataLatin1.isWhitespace(I)Z @ 14
Event: 11.004 Thread 0x00000000197ee000 Uncommon trap: reason=unstable_if action=reinterpret pc=0x0000000003bc322c method=java.security.CodeSource.getCertificates()[Ljava/security/cert/Certificate; @ 22
Event: 11.033 Thread 0x00000000197ee000 Uncommon trap: reason=unstable_if action=reinterpret pc=0x0000000003cb72c0 method=java.util.LinkedHashMap.get(Ljava/lang/Object;)Ljava/lang/Object; @ 20

Internal exceptions (10 events):
Event: 10.635 Thread 0x00000000197ee000 Exception <a 'java/lang/ClassNotFoundException': com/android/build/gradle/internal/api/DefaultAndroidSourceSetCustomizer> (0x00000000e33c9b90) thrown at [C:\re\workspace\8-2-build-windows-amd64-cygwin\jdk8u131\8869\hotspot\src\share\vm\classfile\systemDic
Event: 10.639 Thread 0x00000000197ee000 Exception <a 'java/lang/ClassNotFoundException': com/android/build/gradle/internal/api/DefaultAndroidSourceSet_DecoratedCustomizer> (0x00000000e341d690) thrown at [C:\re\workspace\8-2-build-windows-amd64-cygwin\jdk8u131\8869\hotspot\src\share\vm\classfile
Event: 11.084 Thread 0x00000000197ee000 Exception <a 'java/lang/ClassNotFoundException': com/android/build/gradle/internal/dsl/BuildType_DecoratedBeanInfo> (0x00000000e0b756b8) thrown at [C:\re\workspace\8-2-build-windows-amd64-cygwin\jdk8u131\8869\hotspot\src\share\vm\classfile\systemDictionar
Event: 11.084 Thread 0x00000000197ee000 Exception <a 'java/lang/ClassNotFoundException': com/android/build/gradle/internal/dsl/BuildTypeBeanInfo> (0x00000000e0b872e0) thrown at [C:\re\workspace\8-2-build-windows-amd64-cygwin\jdk8u131\8869\hotspot\src\share\vm\classfile\systemDictionary.cpp, lin
Event: 11.085 Thread 0x00000000197ee000 Exception <a 'java/lang/ClassNotFoundException': com/android/builder/core/DefaultBuildTypeBeanInfo> (0x00000000e0b97b08) thrown at [C:\re\workspace\8-2-build-windows-amd64-cygwin\jdk8u131\8869\hotspot\src\share\vm\classfile\systemDictionary.cpp, line 210]
Event: 11.085 Thread 0x00000000197ee000 Exception <a 'java/lang/ClassNotFoundException': com/android/builder/internal/BaseConfigImplBeanInfo> (0x00000000e0ba8ec8) thrown at [C:\re\workspace\8-2-build-windows-amd64-cygwin\jdk8u131\8869\hotspot\src\share\vm\classfile\systemDictionary.cpp, line 21
Event: 11.086 Thread 0x00000000197ee000 Exception <a 'java/lang/ClassNotFoundException': com/android/builder/internal/BaseConfigImplCustomizer> (0x00000000e0bba678) thrown at [C:\re\workspace\8-2-build-windows-amd64-cygwin\jdk8u131\8869\hotspot\src\share\vm\classfile\systemDictionary.cpp, line 
Event: 11.088 Thread 0x00000000197ee000 Exception <a 'java/lang/ClassNotFoundException': com/android/builder/core/DefaultBuildTypeCustomizer> (0x00000000e0bf6560) thrown at [C:\re\workspace\8-2-build-windows-amd64-cygwin\jdk8u131\8869\hotspot\src\share\vm\classfile\systemDictionary.cpp, line 21
Event: 11.090 Thread 0x00000000197ee000 Exception <a 'java/lang/ClassNotFoundException': com/android/build/gradle/internal/dsl/BuildTypeCustomizer> (0x00000000e0c251f0) thrown at [C:\re\workspace\8-2-build-windows-amd64-cygwin\jdk8u131\8869\hotspot\src\share\vm\classfile\systemDictionary.cpp, l
Event: 11.093 Thread 0x00000000197ee000 Exception <a 'java/lang/ClassNotFoundException': com/android/build/gradle/internal/dsl/BuildType_DecoratedCustomizer> (0x00000000e0c6c618) thrown at [C:\re\workspace\8-2-build-windows-amd64-cygwin\jdk8u131\8869\hotspot\src\share\vm\classfile\systemDiction

Events (10 events):
Event: 11.090 loading class com/android/build/gradle/internal/dsl/BuildTypeCustomizer
Event: 11.090 loading class com/android/build/gradle/internal/dsl/BuildTypeCustomizer done
Event: 11.090 loading class com/android/build/gradle/internal/dsl/BuildTypeCustomizer
Event: 11.090 loading class com/android/build/gradle/internal/dsl/BuildTypeCustomizer done
Event: 11.092 loading class com/android/build/gradle/internal/dsl/BuildType_DecoratedCustomizer
Event: 11.092 loading class com/android/build/gradle/internal/dsl/BuildType_DecoratedCustomizer done
Event: 11.093 loading class com/android/build/gradle/internal/dsl/BuildType_DecoratedCustomizer
Event: 11.093 loading class com/android/build/gradle/internal/dsl/BuildType_DecoratedCustomizer done
Event: 11.104 loading class com/android/utils/StringHelper
Event: 11.104 loading class com/android/utils/StringHelper done


Dynamic libraries:
0x00007ff7768c0000 - 0x00007ff7768f7000 	C:\Program Files\Java\jdk1.8.0_131\bin\java.exe
0x00007fff1f650000 - 0x00007fff1f811000 	C:\WINDOWS\SYSTEM32\ntdll.dll
0x00007fff1eb50000 - 0x00007fff1ebfd000 	C:\WINDOWS\system32\KERNEL32.DLL
0x00007fff1c590000 - 0x00007fff1c778000 	C:\WINDOWS\system32\KERNELBASE.dll
0x00007fff1f1e0000 - 0x00007fff1f287000 	C:\WINDOWS\system32\ADVAPI32.dll
0x00007fff1f340000 - 0x00007fff1f3dd000 	C:\WINDOWS\system32\msvcrt.dll
0x00007fff1dfc0000 - 0x00007fff1e01b000 	C:\WINDOWS\system32\sechost.dll
0x00007fff1e1c0000 - 0x00007fff1e2dc000 	C:\WINDOWS\system32\RPCRT4.dll
0x00007fff1e560000 - 0x00007fff1e6b6000 	C:\WINDOWS\system32\USER32.dll
0x00007fff1e020000 - 0x00007fff1e1a6000 	C:\WINDOWS\system32\GDI32.dll
0x00007fff18480000 - 0x00007fff186f4000 	C:\WINDOWS\WinSxS\amd64_microsoft.windows.common-controls_6595b64144ccf1df_6.0.10586.589_none_a2ddb3caa539acce\COMCTL32.dll
0x00007fff1ee00000 - 0x00007fff1f07d000 	C:\WINDOWS\system32\combase.dll
0x00007fff1c520000 - 0x00007fff1c58a000 	C:\WINDOWS\system32\bcryptPrimitives.dll
0x00007fff1f540000 - 0x00007fff1f57b000 	C:\WINDOWS\system32\IMM32.DLL
0x0000000061870000 - 0x0000000061942000 	C:\Program Files\Java\jdk1.8.0_131\jre\bin\msvcr100.dll
0x000000005f970000 - 0x000000006020c000 	C:\Program Files\Java\jdk1.8.0_131\jre\bin\server\jvm.dll
0x00007fff1dfb0000 - 0x00007fff1dfb8000 	C:\WINDOWS\system32\PSAPI.DLL
0x00007fff12950000 - 0x00007fff12959000 	C:\WINDOWS\SYSTEM32\WSOCK32.dll
0x00007fff19c90000 - 0x00007fff19cb3000 	C:\WINDOWS\SYSTEM32\WINMM.dll
0x00007fff1e340000 - 0x00007fff1e3ab000 	C:\WINDOWS\system32\WS2_32.dll
0x00007fff18710000 - 0x00007fff1871a000 	C:\WINDOWS\SYSTEM32\VERSION.dll
0x00007fff19c60000 - 0x00007fff19c8c000 	C:\WINDOWS\SYSTEM32\WINMMBASE.dll
0x00007fff1c8f0000 - 0x00007fff1c933000 	C:\WINDOWS\system32\cfgmgr32.dll
0x00000000624c0000 - 0x00000000624cf000 	C:\Program Files\Java\jdk1.8.0_131\jre\bin\verify.dll
0x00000000621d0000 - 0x00000000621f9000 	C:\Program Files\Java\jdk1.8.0_131\jre\bin\java.dll
0x0000000062140000 - 0x0000000062156000 	C:\Program Files\Java\jdk1.8.0_131\jre\bin\zip.dll
0x00007fff1ca50000 - 0x00007fff1dfac000 	C:\WINDOWS\system32\SHELL32.dll
0x00007fff1bed0000 - 0x00007fff1c515000 	C:\WINDOWS\system32\windows.storage.dll
0x00007fff1ec20000 - 0x00007fff1ec72000 	C:\WINDOWS\system32\shlwapi.dll
0x00007fff1bc70000 - 0x00007fff1bc7f000 	C:\WINDOWS\system32\kernel.appcore.dll
0x00007fff1c830000 - 0x00007fff1c8e5000 	C:\WINDOWS\system32\shcore.dll
0x00007fff1bcb0000 - 0x00007fff1bcfb000 	C:\WINDOWS\system32\powrprof.dll
0x00007fff1bc80000 - 0x00007fff1bc94000 	C:\WINDOWS\system32\profapi.dll
0x0000000061850000 - 0x000000006186a000 	C:\Program Files\Java\jdk1.8.0_131\jre\bin\net.dll
0x00007fff1b5a0000 - 0x00007fff1b5fc000 	C:\WINDOWS\system32\mswsock.dll
0x0000000061830000 - 0x0000000061841000 	C:\Program Files\Java\jdk1.8.0_131\jre\bin\nio.dll
0x00007fff02350000 - 0x00007fff02362000 	C:\Users\IVAN\.gradle\native\19\windows-amd64\native-platform.dll
0x00007fff1b650000 - 0x00007fff1b667000 	C:\WINDOWS\SYSTEM32\CRYPTSP.dll
0x00007fff1b2e0000 - 0x00007fff1b314000 	C:\WINDOWS\system32\rsaenh.dll
0x00007fff1b870000 - 0x00007fff1b899000 	C:\WINDOWS\SYSTEM32\bcrypt.dll
0x00007fff1b430000 - 0x00007fff1b44f000 	C:\WINDOWS\SYSTEM32\USERENV.dll
0x00007fff1b770000 - 0x00007fff1b77b000 	C:\WINDOWS\SYSTEM32\CRYPTBASE.dll
0x00007fff15f40000 - 0x00007fff15f78000 	C:\WINDOWS\SYSTEM32\IPHLPAPI.DLL
0x00007fff1e1b0000 - 0x00007fff1e1b8000 	C:\WINDOWS\system32\NSI.dll
0x00007fff13cf0000 - 0x00007fff13d06000 	C:\WINDOWS\SYSTEM32\dhcpcsvc6.DLL
0x00007fff13cc0000 - 0x00007fff13cda000 	C:\WINDOWS\SYSTEM32\dhcpcsvc.DLL
0x0000000062330000 - 0x000000006233d000 	C:\Program Files\Java\jdk1.8.0_131\jre\bin\management.dll

VM Arguments:
jvm_args: -Xmx1536m -Dfile.encoding=windows-1251 -Duser.country=RU -Duser.language=ru -Duser.variant 
java_command: org.gradle.launcher.daemon.bootstrap.GradleDaemon 2.14.1
java_class_path (initial): C:\Users\IVAN\.gradle\wrapper\dists\gradle-2.14.1-all\8bnwg5hd3w55iofp58khbp6yv\gradle-2.14.1\lib\gradle-launcher-2.14.1.jar
Launcher Type: SUN_STANDARD

Environment Variables:
JAVA_HOME=C:\Program Files\Java\jdk1.8.0_92
PATH=C:\ProgramData\Oracle\Java\javapath;C:\Python33\;C:\Program Files (x86)\Intel\iCLS Client\;C:\Program Files\Intel\iCLS Client\;C:\WINDOWS\system32;C:\WINDOWS;C:\WINDOWS\System32\Wbem;C:\WINDOWS\System32\WindowsPowerShell\v1.0\;C:\Program Files (x86)\Windows Live\Shared;C:\Program Files (x86)\Intel\OpenCL SDK\2.0\bin\x86;C:\Program Files (x86)\Intel\OpenCL SDK\2.0\bin\x64;C:\Program Files\Intel\Intel(R) Management Engine Components\DAL;C:\Program Files\Intel\Intel(R) Management Engine Components\IPT;C:\Program Files (x86)\Intel\Intel(R) Management Engine Components\DAL;C:\Program Files (x86)\Intel\Intel(R) Management Engine Components\IPT;C:\Program Files\Intel\WiFi\bin\;C:\Program Files\Common Files\Intel\WirelessCommon\;C:\Program Files (x86)\Microsoft SQL Server\100\Tools\Binn\;C:\Program Files\Microsoft SQL Server\100\Tools\Binn\;C:\Program Files\Microsoft SQL Server\100\DTS\Binn\;C:\Program Files (x86)\Microsoft SQL Server\100\Tools\Binn\VSShell\Common7\IDE\;C:\Program Files (x86)\Microsoft SQL Server\100\DTS\Binn\;C:\Program Files (x86)\Common Files\Acronis\SnapAPI\;C:\Program Files (x86)\NVIDIA Corporation\PhysX\Common;C:\Program Files\Condusiv Technologies\ExpressCache\;C:\Program Files (x86)\Skype\Phone\;C:\Program Files\Intel\WiFi\bin\;C:\Program Files\Common Files\Intel\WirelessCommon\
USERNAME=IVAN
OS=Windows_NT
PROCESSOR_IDENTIFIER=Intel64 Family 6 Model 58 Stepping 9, GenuineIntel



---------------  S Y S T E M  ---------------

OS: Windows 10.0 , 64 bit Build 10586 (10.0.10586.589)

CPU:total 4 (initial active 4) (2 cores per cpu, 2 threads per core) family 6 model 58 stepping 9, cmov, cx8, fxsr, mmx, sse, sse2, sse3, ssse3, sse4.1, sse4.2, popcnt, avx, aes, clmul, erms, ht, tsc, tscinvbit, tscinv

Memory: 4k page, physical 8271404k(2044192k free), swap 9319980k(4228k free)

vm_info: Java HotSpot(TM) 64-Bit Server VM (25.131-b11) for windows-amd64 JRE (1.8.0_131-b11), built on Mar 15 2017 01:23:53 by "java_re" with MS VC++ 10.0 (VS2010)

time: Sun May 07 10:39:43 2017
elapsed time: 11 seconds (0d 0h 0m 11s)

